<?xml version="1.0" encoding="UTF-8"?>
<testsuite xmlns:xsi="http://www.w3.org/2001/XMLSchema-instance" xsi:noNamespaceSchemaLocation="https://maven.apache.org/surefire/maven-surefire-plugin/xsd/surefire-test-report-3.0.xsd" version="3.0" name="SudokuModelTest" time="0.055" tests="4" errors="0" skipped="0" failures="0">
  <properties>
[...]
</properties>
  <testcase name="shouldFillOneCellWhenHintIsCalled" classname="SudokuModelTest" time="0.027"/>
  <testcase name="shouldResetBoardToInitialPuzzleState" classname="SudokuModelTest" time="0.001"/>
  <testcase name="shouldRejectInvalidMoveWhenRowHasDuplicate" classname="SudokuModelTest" time="0.002"/>
  <testcase name="shouldRestorePreviousValueAfterUndo" classname="SudokuModelTest" time="0.001"/>
</testsuite>